Please present one product/service description back.  
You should layout the features of the product/service as well as any specific mechanics.
Please return the product/service description in the following format:
```
{
    "name": "Product/Service Name",
    "description": "This is a product/service  description",
    "features": [
        "Feature 1",
        "Feature 2",
        "Feature 3"
    ],
    "mechanics": [
        "Mechanic 1",
        "Mechanic 2",
        "Mechanic 3"
    ],
    "advertisement": "This is a brief product/service advertisement"
}
```
Please do not return the sample value. 